sleep/build/outputs/logs/manifest-merger-debug-report.txt
-- Merging decision tree log ---
manifest
ADDED from src\main\AndroidManifest.xml:2:1-1160:12
	xmlns:android
		ADDED from src\main\AndroidManifest.xml:2:11-69
	package
		ADDED from src\main\AndroidManifest.xml:3:5-28
		INJECTED from src\main\AndroidManifest.xml
		INJECTED from src\main\AndroidManifest.xml
	android:versionName
		ADDED from src\main\AndroidManifest.xml:5:5-32
		INJECTED from src\main\AndroidManifest.xml
		INJECTED from src\main\AndroidManifest.xml
	android:versionCode
		ADDED from src\main\AndroidManifest.xml:4:5-29
		INJECTED from src\main\AndroidManifest.xml
		INJECTED from src\main\AndroidManifest.xml
uses-sdk
ADDED from src\main\AndroidManifest.xml:7:5-9:41
MERGED from [XiangChengAndroid:weiboSDK:unspecified] AndroidManifest.xml:7:5-9:40
	android:targetSdkVersion
		ADDED from src\main\AndroidManifest.xml:9:9-38
		INJECTED from src\main\AndroidManifest.xml
		INJECTED from src\main\AndroidManifest.xml
	android:minSdkVersion
		ADDED from src\main\AndroidManifest.xml:8:9-35
		INJECTED from src\main\AndroidManifest.xml
		INJECTED from src\main\AndroidManifest.xml
uses-permission#android.permission.READ_EXTERNAL_STORAGE
ADDED from src\main\AndroidManifest.xml:11:5-80
	android:name
		ADDED from src\main\AndroidManifest.xml:11:22-77
uses-permission#android.permission.WAKE_LOCK
ADDED from src\main\AndroidManifest.xml:12:5-68
MERGED from [XiangChengAndroid:vitamio:unspecified] AndroidManifest.xml:7:5-68
	android:name
		ADDED from src\main\AndroidManifest.xml:12:22-65
uses-permission#android.permission.GET_TASKS
ADDED from src\main\AndroidManifest.xml:13:5-68
	android:name
		ADDED from src\main\AndroidManifest.xml:13:22-65
uses-permission#android.permission.MODIFY_AUDIO_SETTINGS
ADDED from src\main\AndroidManifest.xml:14:5-80
	android:name
		ADDED from src\main\AndroidManifest.xml:14:22-77
uses-permission#android.permission.RECEIVE_BOOT_COMPLETED
ADDED from src\main\AndroidManifest.xml:15:5-81
	android:name
		ADDED from src\main\AndroidManifest.xml:15:22-78
uses-permission#android.permission.INTERACT_ACROSS_USERS_FULL
ADDED from src\main\AndroidManifest.xml:16:5-85
	android:name
		ADDED from src\main\AndroidManifest.xml:16:22-82
uses-permission#android.permission.INTERACT_ACROSS_USERS
ADDED from src\main\AndroidManifest.xml:17:5-80
	android:name
		ADDED from src\main\AndroidManifest.xml:17:22-77
uses-permission#android.permission.ACCESS_LOCATION_EXTRA_COMMANDS
ADDED from src\main\AndroidManifest.xml:18:5-89
	android:name
		ADDED from src\main\AndroidManifest.xml:18:22-86
uses-permission#android.permission.VIBRATE
ADDED from src\main\AndroidManifest.xml:19:5-20:23
	android:name
		ADDED from src\main\AndroidManifest.xml:19:22-63
uses-permission#android.permission.RECORD_AUDIO
ADDED from src\main\AndroidManifest.xml:21:5-71
	android:name
		ADDED from src\main\AndroidManifest.xml:21:22-68
uses-permission#android.permission.CAMERA
ADDED from src\main\AndroidManifest.xml:22:5-65
	android:name
		ADDED from src\main\AndroidManifest.xml:22:22-62
uses-permission#android.permission.SEND_SMS
ADDED from src\main\AndroidManifest.xml:23:5-67
	android:name
		ADDED from src\main\AndroidManifest.xml:23:22-64
uses-permission#android.permission.CALL_PHONE
ADDED from src\main\AndroidManifest.xml:25:5-26:23
	android:name
		ADDED from src\main\AndroidManifest.xml:25:22-66
uses-permission#android.permission.ACCESS_COARSE_LOCATION
ADDED from src\main\AndroidManifest.xml:29:5-30:23
	android:name
		ADDED from src\main\AndroidManifest.xml:29:22-78
uses-permission#android.permission.ACCESS_FINE_LOCATION
ADDED from src\main\AndroidManifest.xml:32:5-33:23
	android:name
		ADDED from src\main\AndroidManifest.xml:32:22-76
uses-permission#android.permission.ACCESS_WIFI_STATE
ADDED from src\main\AndroidManifest.xml:35:5-36:23
	android:name
		ADDED from src\main\AndroidManifest.xml:35:22-73
uses-permission#android.permission.ACCESS_NETWORK_STATE
ADDED from src\main\AndroidManifest.xml:38:5-39:23
MERGED from [XiangChengAndroid:vitamio:unspecified] AndroidManifest.xml:9:5-79
	android:name
		ADDED from src\main\AndroidManifest.xml:38:22-76
uses-permission#android.permission.CHANGE_WIFI_STATE
ADDED from src\main\AndroidManifest.xml:41:5-42:23
	android:name
		ADDED from src\main\AndroidManifest.xml:41:22-73
uses-permission#android.permission.BLUETOOTH
ADDED from src\main\AndroidManifest.xml:44:5-68
	android:name
		ADDED from src\main\AndroidManifest.xml:44:22-65
uses-permission#android.permission.READ_PHONE_STATE
ADDED from src\main\AndroidManifest.xml:46:5-47:23
	android:name
		ADDED from src\main\AndroidManifest.xml:46:22-72
uses-permission#android.permission.WRITE_EXTERNAL_STORAGE
ADDED from src\main\AndroidManifest.xml:49:5-50:23
	android:name
		ADDED from src\main\AndroidManifest.xml:49:22-78
uses-permission#android.permission.INTERNET
ADDED from src\main\AndroidManifest.xml:52:5-67
MERGED from [XiangChengAndroid:vitamio:unspecified] AndroidManifest.xml:8:5-67
	android:name
		ADDED from src\main\AndroidManifest.xml:52:22-64
uses-permission#android.permission.MOUNT_UNMOUNT_FILESYSTEMS
ADDED from src\main\AndroidManifest.xml:54:5-55:23
	android:name
		ADDED from src\main\AndroidManifest.xml:54:22-81
uses-permission#android.permission.READ_CONTACTS
ADDED from src\main\AndroidManifest.xml:57:5-72
	android:name
		ADDED from src\main\AndroidManifest.xml:57:22-69
uses-permission#android.permission.BLUETOOTH_ADMIN
ADDED from src\main\AndroidManifest.xml:71:5-74
	android:name
		ADDED from src\main\AndroidManifest.xml:71:22-71
uses-permission#com.android.launcher.permission.READ_SETTINGS
ADDED from src\main\AndroidManifest.xml:74:5-85
	android:name
		ADDED from src\main\AndroidManifest.xml:74:22-82
supports-screens
ADDED from src\main\AndroidManifest.xml:76:5-82:40
	android:resizeable
		ADDED from src\main\AndroidManifest.xml:80:9-34
	android:largeScreens
		ADDED from src\main\AndroidManifest.xml:78:9-36
	android:anyDensity
		ADDED from src\main\AndroidManifest.xml:77:9-34
	android:normalScreens
		ADDED from src\main\AndroidManifest.xml:79:9-37
	android:xlargeScreens
		ADDED from src\main\AndroidManifest.xml:82:9-37
	android:smallScreens
		ADDED from src\main\AndroidManifest.xml:81:9-36
application
ADDED from src\main\AndroidManifest.xml:84:5-1134:19
MERGED from [XiangChengAndroid:vitamio:unspecified] AndroidManifest.xml:11:5-17:19
	android:label
		ADDED from src\main\AndroidManifest.xml:88:9-41
	android:allowBackup
		ADDED from src\main\AndroidManifest.xml:86:9-35
	android:icon
		ADDED from src\main\AndroidManifest.xml:87:9-38
	android:theme
		ADDED from src\main\AndroidManifest.xml:89:9-45
	android:name
		ADDED from src\main\AndroidManifest.xml:85:9-51
meta-data#EASEMOB_APPKEY
ADDED from src\main\AndroidManifest.xml:92:9-94:53
	android:name
		ADDED from src\main\AndroidManifest.xml:93:13-42
	android:value
		ADDED from src\main\AndroidManifest.xml:94:13-50
meta-data#JPUSH_CHANNEL
ADDED from src\main\AndroidManifest.xml:108:9-110:49
	android:name
		ADDED from src\main\AndroidManifest.xml:109:13-41
	android:value
		ADDED from src\main\AndroidManifest.xml:110:13-46
meta-data#JPUSH_APPKEY
ADDED from src\main\AndroidManifest.xml:116:9-118:56
	android:name
		ADDED from src\main\AndroidManifest.xml:117:13-40
	android:value
		ADDED from src\main\AndroidManifest.xml:118:13-53
meta-data#com.baidu.lbsapi.API_KEY
ADDED from src\main\AndroidManifest.xml:125:9-127:56
	android:name
		ADDED from src\main\AndroidManifest.xml:126:13-52
	android:value
		ADDED from src\main\AndroidManifest.xml:127:13-53
service#com.easemob.chat.EMChatService
ADDED from src\main\AndroidManifest.xml:130:9-132:39
	android:exported
		ADDED from src\main\AndroidManifest.xml:132:13-36
	android:name
		ADDED from src\main\AndroidManifest.xml:131:13-58
receiver#com.easemob.chat.EMMonitorReceiver
ADDED from src\main\AndroidManifest.xml:135:9-146:20
	android:name
		ADDED from src\main\AndroidManifest.xml:135:19-68
intent-filter#android.intent.action.PACKAGE_REMOVED
ADDED from src\main\AndroidManifest.xml:136:13-140:29
action#android.intent.action.PACKAGE_REMOVED
ADDED from src\main\AndroidManifest.xml:137:17-80
	android:name
		ADDED from src\main\AndroidManifest.xml:137:25-77
data
ADDED from src\main\AndroidManifest.xml:139:17-50
	android:scheme
		ADDED from src\main\AndroidManifest.xml:139:23-47
intent-filter#android.intent.action.BOOT_COMPLETED+android.intent.action.USER_PRESENT
ADDED from src\main\AndroidManifest.xml:142:13-145:29
action#android.intent.action.BOOT_COMPLETED
ADDED from src\main\AndroidManifest.xml:143:17-79
	android:name
		ADDED from src\main\AndroidManifest.xml:143:25-76
action#android.intent.action.USER_PRESENT
ADDED from src\main\AndroidManifest.xml:144:17-77
	android:name
		ADDED from src\main\AndroidManifest.xml:144:25-74
activity#com.yzm.sleep.crop.CropImageUI
ADDED from src\main\AndroidManifest.xml:148:9-151:20
	android:screenOrientation
		ADDED from src\main\AndroidManifest.xml:150:13-49
	android:name
		ADDED from src\main\AndroidManifest.xml:149:13-58
activity#com.yzm.sleep.activity.shop.PaySuccessfulActivity
ADDED from src\main\AndroidManifest.xml:153:9-155:52
	android:screenOrientation
		ADDED from src\main\AndroidManifest.xml:155:13-49
	android:name
		ADDED from src\main\AndroidManifest.xml:154:13-77
activity#com.yzm.sleep.activity.shop.GoodsAddressActivity
ADDED from src\main\AndroidManifest.xml:157:9-159:52
	android:screenOrientation
		ADDED from src\main\AndroidManifest.xml:159:13-49
	android:name
		ADDED from src\main\AndroidManifest.xml:158:13-76
activity#com.yzm.sleep.activity.shop.PackageDetailsActivity
ADDED from src\main\AndroidManifest.xml:161:9-163:52
	android:screenOrientation
		ADDED from src\main\AndroidManifest.xml:163:13-49
	android:name
		ADDED from src\main\AndroidManifest.xml:162:13-78
activity#com.yzm.sleep.activity.HomeActivity
ADDED from src\main\AndroidManifest.xml:166:9-179:20
	android:screenOrientation
		ADDED from src\main\AndroidManifest.xml:171:13-49
	android:label
		ADDED from src\main\AndroidManifest.xml:169:13-45
	android:exported
		ADDED from src\main\AndroidManifest.xml:168:13-36
	android:name
		ADDED from src\main\AndroidManifest.xml:167:13-63
	android:launchMode
		ADDED from src\main\AndroidManifest.xml:170:13-44
activity#com.yzm.sleep.activity.community.GroupThumbActivity
ADDED from src\main\AndroidManifest.xml:181:9-183:52
	android:screenOrientation
		ADDED from src\main\AndroidManifest.xml:183:13-49
	android:name
		ADDED from src\main\AndroidManifest.xml:182:13-79
activity#com.yzm.sleep.activity.GroupActivity
ADDED from src\main\AndroidManifest.xml:185:9-187:52
	android:screenOrientation
		ADDED from src\main\AndroidManifest.xml:187:13-49
	android:name
		ADDED from src\main\AndroidManifest.xml:186:13-64
activity#com.yzm.sleep.activity.community.ProgramDetailsActivity
ADDED from src\main\AndroidManifest.xml:189:9-192:20
	android:screenOrientation
		ADDED from src\main\AndroidManifest.xml:191:13-49
	android:name
		ADDED from src\main\AndroidManifest.xml:190:13-83
activity#com.yzm.sleep.activity.pillow.BindingProcessActivity
ADDED from src\main\AndroidManifest.xml:194:9-196:52
	android:screenOrientation
		ADDED from src\main\AndroidManifest.xml:196:13-49
	android:name
		ADDED from src\main\AndroidManifest.xml:195:13-80
activity#com.yzm.sleep.activity.XiaoMiAutostartActivity
ADDED from src\main\AndroidManifest.xml:197:9-201:20
	android:screenOrientation
		ADDED from src\main\AndroidManifest.xml:199:13-49
	android:theme
		ADDED from src\main\AndroidManifest.xml:200:13-49
	android:name
		ADDED from src\main\AndroidManifest.xml:198:13-74
activity#com.yzm.sleep.activity.community.TeamDetailsActivity
ADDED from src\main\AndroidManifest.xml:202:9-204:52
	android:screenOrientation
		ADDED from src\main\AndroidManifest.xml:204:13-49
	android:name
		ADDED from src\main\AndroidManifest.xml:203:13-80
activity#com.yzm.sleep.activity.alar.AlarmActivity
ADDED from src\main\AndroidManifest.xml:206:9-210:20
	android:screenOrientation
		ADDED from src\main\AndroidManifest.xml:208:13-49
	android:theme
		ADDED from src\main\AndroidManifest.xml:209:13-49
	android:name
		ADDED from src\main\AndroidManifest.xml:207:13-69
activity#com.yzm.sleep.activity.community.GroupFocusnumberActivity
ADDED from src\main\AndroidManifest.xml:211:9-215:20
	android:screenOrientation
		ADDED from src\main\AndroidManifest.xml:214:13-49
	android:name
		ADDED from src\main\AndroidManifest.xml:212:13-85
	android:launchMode
		ADDED from src\main\AndroidManifest.xml:213:13-44
activity#com.yzm.sleep.activity.pillow.PillDataCountActivity
ADDED from src\main\AndroidManifest.xml:217:9-219:52
	android:screenOrientation
		ADDED from src\main\AndroidManifest.xml:219:13-49
	android:name
		ADDED from src\main\AndroidManifest.xml:218:13-79
activity#com.yzm.sleep.activity.pillow.PillowWeeklyActivity
ADDED from src\main\AndroidManifest.xml:221:9-223:52
	android:screenOrientation
		ADDED from src\main\AndroidManifest.xml:223:13-49
	android:name
		ADDED from src\main\AndroidManifest.xml:222:13-78
activity#com.yzm.sleep.activity.WelcomeActivity
ADDED from src\main\AndroidManifest.xml:224:9-233:20
	android:screenOrientation
		ADDED from src\main\AndroidManifest.xml:227:13-49
	android:theme
		ADDED from src\main\AndroidManifest.xml:226:13-55
	android:name
		ADDED from src\main\AndroidManifest.xml:225:13-66
intent-filter#android.intent.action.MAIN+android.intent.category.LAUNCHER
ADDED from src\main\AndroidManifest.xml:228:13-232:29
action#android.intent.action.MAIN
ADDED from src\main\AndroidManifest.xml:229:17-69
	android:name
		ADDED from src\main\AndroidManifest.xml:229:25-66
category#android.intent.category.LAUNCHER
ADDED from src\main\AndroidManifest.xml:231:17-77
	android:name
		ADDED from src\main\AndroidManifest.xml:231:27-74
activity#com.yzm.sleep.activity.PerfectUserDataActivity
ADDED from src\main\AndroidManifest.xml:250:9-254:20
	android:windowSoftInputMode
		ADDED from src\main\AndroidManifest.xml:253:13-67
	android:screenOrientation
		ADDED from src\main\AndroidManifest.xml:252:13-49
	android:name
		ADDED from src\main\AndroidManifest.xml:251:13-74
activity#com.yzm.sleep.activity.AboutActivity
ADDED from src\main\AndroidManifest.xml:255:9-258:20
	android:screenOrientation
		ADDED from src\main\AndroidManifest.xml:257:13-49
	android:name
		ADDED from src\main\AndroidManifest.xml:256:13-64
activity#com.yzm.sleep.im.ChatActivity
ADDED from src\main\AndroidManifest.xml:259:9-264:20
	android:windowSoftInputMode
		ADDED from src\main\AndroidManifest.xml:263:13-67
	android:screenOrientation
		ADDED from src\main\AndroidManifest.xml:262:13-49
	android:name
		ADDED from src\main\AndroidManifest.xml:260:13-57
	android:launchMode
		ADDED from src\main\AndroidManifest.xml:261:13-44
activity#com.yzm.sleep.activity.ShareActivity
ADDED from src\main\AndroidManifest.xml:265:9-276:20
	android:configChanges
		ADDED from src\main\AndroidManifest.xml:267:13-74
	android:theme
		ADDED from src\main\AndroidManifest.xml:270:13-55
	android:exported
		ADDED from src\main\AndroidManifest.xml:268:13-36
	android:name
		ADDED from src\main\AndroidManifest.xml:266:13-64
	android:launchMode
		ADDED from src\main\AndroidManifest.xml:269:13-44
intent-filter#android.intent.category.DEFAULT+com.sina.weibo.sdk.action.ACTION_SDK_REQ_ACTIVITY
ADDED from src\main\AndroidManifest.xml:271:13-275:29
action#com.sina.weibo.sdk.action.ACTION_SDK_REQ_ACTIVITY
ADDED from src\main\AndroidManifest.xml:272:17-92
	android:name
		ADDED from src\main\AndroidManifest.xml:272:25-89
category#android.intent.category.DEFAULT
ADDED from src\main\AndroidManifest.xml:274:17-76
	android:name
		ADDED from src\main\AndroidManifest.xml:274:27-73
activity#com.yzm.sleep.activity.AppSettingActivity
ADDED from src\main\AndroidManifest.xml:277:9-280:20
	android:screenOrientation
		ADDED from src\main\AndroidManifest.xml:279:13-49
	android:name
		ADDED from src\main\AndroidManifest.xml:278:13-69
activity#com.yzm.sleep.activity.LoginActivity
ADDED from src\main\AndroidManifest.xml:281:9-285:20
	android:windowSoftInputMode
		ADDED from src\main\AndroidManifest.xml:284:13-67
	android:screenOrientation
		ADDED from src\main\AndroidManifest.xml:283:13-49
	android:name
		ADDED from src\main\AndroidManifest.xml:282:13-64
activity#com.yzm.sleep.wxapi.WXEntryActivity
ADDED from src\main\AndroidManifest.xml:286:9-297:20
	android:theme
		ADDED from src\main\AndroidManifest.xml:289:13-49
	android:exported
		ADDED from src\main\AndroidManifest.xml:288:13-36
	android:name
		ADDED from src\main\AndroidManifest.xml:287:13-63
intent-filter#android.intent.action.VIEW+android.intent.category.DEFAULT
ADDED from src\main\AndroidManifest.xml:290:13-296:29
action#android.intent.action.VIEW
ADDED from src\main\AndroidManifest.xml:291:17-69
	android:name
		ADDED from src\main\AndroidManifest.xml:291:25-66
activity#com.tencent.open.yyb.AppbarActivity
ADDED from src\main\AndroidManifest.xml:300:9-304:75
	android:screenOrientation
		ADDED from src\main\AndroidManifest.xml:303:13-49
	android:configChanges
		ADDED from src\main\AndroidManifest.xml:302:13-63
	android:theme
		ADDED from src\main\AndroidManifest.xml:304:13-72
	android:name
		ADDED from src\main\AndroidManifest.xml:301:13-63
activity#com.tencent.connect.avatar.ImageActivity
ADDED from src\main\AndroidManifest.xml:305:9-77
	android:name
		ADDED from src\main\AndroidManifest.xml:305:19-74
activity#com.tencent.connect.common.AssistActivity
ADDED from src\main\AndroidManifest.xml:306:9-310:75
	android:screenOrientation
		ADDED from src\main\AndroidManifest.xml:309:13-49
	android:configChanges
		ADDED from src\main\AndroidManifest.xml:308:13-63
	android:theme
		ADDED from src\main\AndroidManifest.xml:310:13-72
	android:name
		ADDED from src\main\AndroidManifest.xml:307:13-69
activity#com.tencent.tauth.AuthActivity
ADDED from src\main\AndroidManifest.xml:311:9-323:20
	android:noHistory
		ADDED from src\main\AndroidManifest.xml:314:13-37
	android:name
		ADDED from src\main\AndroidManifest.xml:312:13-58
	android:launchMode
		ADDED from src\main\AndroidManifest.xml:313:13-44
intent-filter#android.intent.action.VIEW+android.intent.category.BROWSABLE+android.intent.category.DEFAULT
ADDED from src\main\AndroidManifest.xml:315:13-322:29
category#android.intent.category.BROWSABLE
ADDED from src\main\AndroidManifest.xml:319:17-78
	android:name
		ADDED from src\main\AndroidManifest.xml:319:27-75
activity#com.yzm.sleep.activity.community.AssessmentActivity
ADDED from src\main\AndroidManifest.xml:325:9-329:70
	android:windowSoftInputMode
		ADDED from src\main\AndroidManifest.xml:329:13-67
	android:screenOrientation
		ADDED from src\main\AndroidManifest.xml:327:13-49
	android:theme
		ADDED from src\main\AndroidManifest.xml:328:13-49
	android:name
		ADDED from src\main\AndroidManifest.xml:326:13-79
activity#com.yzm.sleep.activity.pillow.PillowDataActivity
ADDED from src\main\AndroidManifest.xml:332:9-337:20
	android:screenOrientation
		ADDED from src\main\AndroidManifest.xml:335:13-49
	android:theme
		ADDED from src\main\AndroidManifest.xml:336:13-49
	android:name
		ADDED from src\main\AndroidManifest.xml:333:13-76
	android:launchMode
		ADDED from src\main\AndroidManifest.xml:334:13-44
activity#com.yzm.sleep.activity.alar.AlarmAlertFullScreen
ADDED from src\main\AndroidManifest.xml:340:9-346:59
	android:configChanges
		ADDED from src\main\AndroidManifest.xml:342:13-83
	android:theme
		ADDED from src\main\AndroidManifest.xml:346:13-56
	android:excludeFromRecents
		ADDED from src\main\AndroidManifest.xml:343:13-46
	android:taskAffinity
		ADDED from src\main\AndroidManifest.xml:345:13-36
	android:name
		ADDED from src\main\AndroidManifest.xml:341:13-76
	android:launchMode
		ADDED from src\main\AndroidManifest.xml:344:13-48
activity#com.yzm.sleep.activity.alar.AlarmAlert
ADDED from src\main\AndroidManifest.xml:347:9-353:50
	android:configChanges
		ADDED from src\main\AndroidManifest.xml:349:13-83
	android:theme
		ADDED from src\main\AndroidManifest.xml:353:13-47
	android:excludeFromRecents
		ADDED from src\main\AndroidManifest.xml:350:13-46
	android:taskAffinity
		ADDED from src\main\AndroidManifest.xml:352:13-36
	android:name
		ADDED from src\main\AndroidManifest.xml:348:13-66
	android:launchMode
		ADDED from src\main\AndroidManifest.xml:351:13-48
activity#com.yzm.sleep.activity.PictureWallPagerActivity
ADDED from src\main\AndroidManifest.xml:356:9-360:52
	android:screenOrientation
		ADDED from src\main\AndroidManifest.xml:359:13-49
	android:theme
		ADDED from src\main\AndroidManifest.xml:360:13-49
	android:name
		ADDED from src\main\AndroidManifest.xml:357:13-75
	android:launchMode
		ADDED from src\main\AndroidManifest.xml:358:13-48
activity#com.yzm.sleep.activity.pillow.PillowUpgradeActivity
ADDED from src\main\AndroidManifest.xml:362:9-366:20
	android:screenOrientation
		ADDED from src\main\AndroidManifest.xml:364:13-49
	android:theme
		ADDED from src\main\AndroidManifest.xml:365:13-55
	android:name
		ADDED from src\main\AndroidManifest.xml:363:13-79
activity#com.yzm.sleep.activity.community.CorrelativeCellPhoneActivity
ADDED from src\main\AndroidManifest.xml:371:9-376:20
	android:windowSoftInputMode
		ADDED from src\main\AndroidManifest.xml:375:13-67
	android:screenOrientation
		ADDED from src\main\AndroidManifest.xml:373:13-49
	android:theme
		ADDED from src\main\AndroidManifest.xml:374:13-49
	android:name
		ADDED from src\main\AndroidManifest.xml:372:13-89
activity#com.yzm.sleep.activity.community.ReleaseEditActivity
ADDED from src\main\AndroidManifest.xml:379:9-384:20
	android:windowSoftInputMode
		ADDED from src\main\AndroidManifest.xml:383:13-68
	android:screenOrientation
		ADDED from src\main\AndroidManifest.xml:381:13-49
	android:theme
		ADDED from src\main\AndroidManifest.xml:382:13-49
	android:name
		ADDED from src\main\AndroidManifest.xml:380:13-80
activity#com.yzm.sleep.activity.community.MyGroupListActivity
ADDED from src\main\AndroidManifest.xml:387:9-389:52
	android:screenOrientation
		ADDED from src\main\AndroidManifest.xml:389:13-49
	android:name
		ADDED from src\main\AndroidManifest.xml:388:13-80
activity#com.yzm.sleep.activity.community.GroupInfoActivity
ADDED from src\main\AndroidManifest.xml:392:9-397:20
	android:screenOrientation
		ADDED from src\main\AndroidManifest.xml:395:13-49
	android:configChanges
		ADDED from src\main\AndroidManifest.xml:394:13-74
	android:theme
		ADDED from src\main\AndroidManifest.xml:396:13-49
	android:name
		ADDED from src\main\AndroidManifest.xml:393:13-78
activity#com.yzm.sleep.activity.community.MyAutoMsgActivity
ADDED from src\main\AndroidManifest.xml:399:9-403:20
	android:screenOrientation
		ADDED from src\main\AndroidManifest.xml:401:13-49
	android:theme
		ADDED from src\main\AndroidManifest.xml:402:13-49
	android:name
		ADDED from src\main\AndroidManifest.xml:400:13-78
activity#com.yzm.sleep.activity.community.CommunitySearchActivity
ADDED from src\main\AndroidManifest.xml:405:9-410:20
	android:windowSoftInputMode
		ADDED from src\main\AndroidManifest.xml:409:13-68
	android:screenOrientation
		ADDED from src\main\AndroidManifest.xml:407:13-49
	android:theme
		ADDED from src\main\AndroidManifest.xml:408:13-64
	android:name
		ADDED from src\main\AndroidManifest.xml:406:13-84
activity#com.yzm.sleep.activity.community.ImageDetailActivity
ADDED from src\main\AndroidManifest.xml:413:9-418:20
	android:screenOrientation
		ADDED from src\main\AndroidManifest.xml:416:13-49
	android:theme
		ADDED from src\main\AndroidManifest.xml:417:13-49
	android:name
		ADDED from src\main\AndroidManifest.xml:414:13-80
	android:launchMode
		ADDED from src\main\AndroidManifest.xml:415:13-44
activity#com.yzm.sleep.activity.PersonalInfoActivity
ADDED from src\main\AndroidManifest.xml:430:9-434:20
	android:screenOrientation
		ADDED from src\main\AndroidManifest.xml:432:13-49
	android:theme
		ADDED from src\main\AndroidManifest.xml:433:13-49
	android:name
		ADDED from src\main\AndroidManifest.xml:431:13-71
activity#com.yzm.sleep.activity.MyDetailInfoActivity
ADDED from src\main\AndroidManifest.xml:436:9-441:20
	android:screenOrientation
		ADDED from src\main\AndroidManifest.xml:439:13-49
	android:configChanges
		ADDED from src\main\AndroidManifest.xml:438:13-74
	android:theme
		ADDED from src\main\AndroidManifest.xml:440:13-49
	android:name
		ADDED from src\main\AndroidManifest.xml:437:13-71
activity#com.yzm.sleep.activity.CommunityAccountActivity
ADDED from src\main\AndroidManifest.xml:443:9-447:20
	android:screenOrientation
		ADDED from src\main\AndroidManifest.xml:445:13-49
	android:theme
		ADDED from src\main\AndroidManifest.xml:446:13-49
	android:name
		ADDED from src\main\AndroidManifest.xml:444:13-75
activity#com.yzm.sleep.activity.SelectProfessionActivity
ADDED from src\main\AndroidManifest.xml:449:9-453:20
	android:screenOrientation
		ADDED from src\main\AndroidManifest.xml:451:13-49
	android:theme
		ADDED from src\main\AndroidManifest.xml:452:13-49
	android:name
		ADDED from src\main\AndroidManifest.xml:450:13-75
activity#com.yzm.sleep.imageSelect.MultiImageSelectorActivity
ADDED from src\main\AndroidManifest.xml:455:9-459:52
	android:screenOrientation
		ADDED from src\main\AndroidManifest.xml:458:13-49
	android:configChanges
		ADDED from src\main\AndroidManifest.xml:457:13-48
	android:theme
		ADDED from src\main\AndroidManifest.xml:459:13-49
	android:name
		ADDED from src\main\AndroidManifest.xml:456:13-80
activity#com.yzm.sleep.activity.WebViewActivity
ADDED from src\main\AndroidManifest.xml:462:9-465:52
	android:screenOrientation
		ADDED from src\main\AndroidManifest.xml:464:13-49
	android:theme
		ADDED from src\main\AndroidManifest.xml:465:13-49
	android:name
		ADDED from src\main\AndroidManifest.xml:463:13-66
activity#com.yzm.sleep.rectCrop.CropImageActivity
ADDED from src\main\AndroidManifest.xml:469:9-472:52
	android:screenOrientation
		ADDED from src\main\AndroidManifest.xml:471:13-49
	android:theme
		ADDED from src\main\AndroidManifest.xml:472:13-49
	android:name
		ADDED from src\main\AndroidManifest.xml:470:13-68
activity#com.yzm.sleep.activity.pillow.PillowDayDataActivity
ADDED from src\main\AndroidManifest.xml:475:9-478:52
	android:screenOrientation
		ADDED from src\main\AndroidManifest.xml:477:13-49
	android:theme
		ADDED from src\main\AndroidManifest.xml:478:13-49
	android:name
		ADDED from src\main\AndroidManifest.xml:476:13-79
activity#com.yzm.sleep.activity.DataCountActivity
ADDED from src\main\AndroidManifest.xml:481:9-484:52
	android:screenOrientation
		ADDED from src\main\AndroidManifest.xml:483:13-49
	android:theme
		ADDED from src\main\AndroidManifest.xml:484:13-49
	android:name
		ADDED from src\main\AndroidManifest.xml:482:13-68
activity#com.yzm.sleep.activity.SleepTimeDetailActivity
ADDED from src\main\AndroidManifest.xml:487:9-490:52
	android:screenOrientation
		ADDED from src\main\AndroidManifest.xml:489:13-49
	android:theme
		ADDED from src\main\AndroidManifest.xml:490:13-49
	android:name
		ADDED from src\main\AndroidManifest.xml:488:13-74
activity#com.yzm.sleep.activity.SleepOrGetUpAvgTimeDetail
ADDED from src\main\AndroidManifest.xml:493:9-496:52
	android:screenOrientation
		ADDED from src\main\AndroidManifest.xml:495:13-49
	android:theme
		ADDED from src\main\AndroidManifest.xml:496:13-49
	android:name
		ADDED from src\main\AndroidManifest.xml:494:13-76
activity#com.yzm.sleep.activity.pillow.SensitiveSetActivity
ADDED from src\main\AndroidManifest.xml:499:9-502:52
	android:screenOrientation
		ADDED from src\main\AndroidManifest.xml:501:13-49
	android:theme
		ADDED from src\main\AndroidManifest.xml:502:13-49
	android:name
		ADDED from src\main\AndroidManifest.xml:500:13-78
activity#com.yzm.sleep.activity.pillow.SearchPillowActivity
ADDED from src\main\AndroidManifest.xml:505:9-508:52
	android:screenOrientation
		ADDED from src\main\AndroidManifest.xml:507:13-49
	android:theme
		ADDED from src\main\AndroidManifest.xml:508:13-49
	android:name
		ADDED from src\main\AndroidManifest.xml:506:13-78
activity#com.yzm.sleep.activity.pillow.CommonProblemActiivity
ADDED from src\main\AndroidManifest.xml:511:9-513:52
	android:screenOrientation
		ADDED from src\main\AndroidManifest.xml:513:13-49
	android:name
		ADDED from src\main\AndroidManifest.xml:512:13-80
activity#com.yzm.sleep.activity.pillow.BundSucActivity
ADDED from src\main\AndroidManifest.xml:515:9-518:52
	android:screenOrientation
		ADDED from src\main\AndroidManifest.xml:517:13-49
	android:theme
		ADDED from src\main\AndroidManifest.xml:518:13-49
	android:name
		ADDED from src\main\AndroidManifest.xml:516:13-73
activity#com.yzm.sleep.activity.pillow.BundPillowInfoActivity
ADDED from src\main\AndroidManifest.xml:521:9-524:52
	android:screenOrientation
		ADDED from src\main\AndroidManifest.xml:523:13-49
	android:theme
		ADDED from src\main\AndroidManifest.xml:524:13-49
	android:name
		ADDED from src\main\AndroidManifest.xml:522:13-80
activity#com.yzm.sleep.activity.YestereveDataActivity
ADDED from src\main\AndroidManifest.xml:527:9-530:52
	android:screenOrientation
		ADDED from src\main\AndroidManifest.xml:529:13-49
	android:theme
		ADDED from src\main\AndroidManifest.xml:530:13-49
	android:name
		ADDED from src\main\AndroidManifest.xml:528:13-72
activity#com.yzm.sleep.activity.alar.RemindAlarmEditActivity
ADDED from src\main\AndroidManifest.xml:532:9-534:52
	android:screenOrientation
		ADDED from src\main\AndroidManifest.xml:534:13-49
	android:name
		ADDED from src\main\AndroidManifest.xml:533:13-79
activity#com.yzm.sleep.activity.MonthDataAnalysisActivity
ADDED from src\main\AndroidManifest.xml:538:9-542:52
	android:screenOrientation
		ADDED from src\main\AndroidManifest.xml:541:13-49
	android:theme
		ADDED from src\main\AndroidManifest.xml:542:13-49
	android:name
		ADDED from src\main\AndroidManifest.xml:539:13-76
	android:launchMode
		ADDED from src\main\AndroidManifest.xml:540:13-44
activity#com.yzm.sleep.activity.MessageListActivity
ADDED from src\main\AndroidManifest.xml:544:9-548:20
	android:screenOrientation
		ADDED from src\main\AndroidManifest.xml:546:13-49
	android:theme